<?xml version="1.0" encoding="UTF-8" ?>
<testsuites disabled="0" errors="0" failures="0" tests="9" time="17">
 <testsuite name="calculator should be able to multiply numbers" timestamp="2018-04-20T16:29:55" hostname="localhost" time="0.01" errors="0" tests="4" skipped="0" disabled="0" failures="0">
  <testcase classname="calculator should be able to multiply numbers" name="should return false" time="0.002" />
  <testcase classname="calculator should be able to multiply numbers" name="should be able to multiply numbers if their length two" time="0.001" />
  <testcase classname="calculator should be able to multiply numbers" name="should be able to multiply numbers of an array" time="0.001" />
  <testcase classname="calculator should be able to multiply numbers" name="should allow to call multiply method for instance of class" time="0" />
 </testsuite>
 <testsuite name="tests for add method" timestamp="2018-04-20T16:29:55" hostname="localhost" time="0.007" errors="0" tests="5" skipped="0" disabled="0" failures="0">
  <testcase classname="tests for add method" name="should allow to call add metod for instance of class" time="0" />
  <testcase classname="tests for add method" name="should return false" time="0.001" />
  <testcase classname="tests for add method" name="should be able to add negative numbers" time="0.001" />
  <testcase classname="tests for add method" name="should add numbers if their length to equal two" time="0" />
  <testcase classname="tests for add method" name="should add numbers of an array" time="0.001" />
 </testsuite>
</testsuites>